Traceback (most recent call last):
  File "/storage/BonnieH/selection_project/per_locus/ABC_script.py", line 158, in <module>
    main()
  File "/storage/BonnieH/selection_project/per_locus/ABC_script.py", line 26, in main
    num_bins = int(sys.argv[10])
ValueError: invalid literal for int() with base 10: 'euro_p1'
0.65user 0.08system 0:00.73elapsed 99%CPU (0avgtext+0avgdata 68512maxresident)k
0inputs+8outputs (0major+18079minor)pagefaults 0swaps
Traceback (most recent call last):
  File "/storage/BonnieH/selection_project/per_locus/ABC_script.py", line 158, in <module>
    main()
  File "/storage/BonnieH/selection_project/per_locus/ABC_script.py", line 37, in main
    "_" + use_het + use_common + use_bins + num_bins + "_" + model + file_type + '.txt'
TypeError: can only concatenate str (not "int") to str
0.66user 0.06system 0:00.72elapsed 99%CPU (0avgtext+0avgdata 68504maxresident)k
0inputs+8outputs (0major+18046minor)pagefaults 0swaps
Traceback (most recent call last):
  File "/storage/BonnieH/selection_project/per_locus/ABC_script.py", line 156, in <module>
    main()
  File "/storage/BonnieH/selection_project/per_locus/ABC_script.py", line 80, in main
    ','.join(str(round(item,4)) for item in obs_bins) + '\t')
UnboundLocalError: local variable 'optimal_ru' referenced before assignment
0.65user 0.06system 0:00.74elapsed 97%CPU (0avgtext+0avgdata 68556maxresident)k
16inputs+16outputs (0major+18064minor)pagefaults 0swaps
Traceback (most recent call last):
  File "/storage/BonnieH/selection_project/per_locus/ABC_script.py", line 156, in <module>
    main()
  File "/storage/BonnieH/selection_project/per_locus/ABC_script.py", line 82, in main
    if per ==3 and optimal_ru > 12: 
UnboundLocalError: local variable 'optimal_ru' referenced before assignment
0.66user 0.06system 0:00.73elapsed 100%CPU (0avgtext+0avgdata 68556maxresident)k
0inputs+16outputs (0major+18068minor)pagefaults 0swaps
Traceback (most recent call last):
  File "/storage/BonnieH/selection_project/per_locus/ABC_script.py", line 154, in <module>
    main()
  File "/storage/BonnieH/selection_project/per_locus/ABC_script.py", line 100, in main
    abc_list = GetABCList(abcFile, num_bins)
  File "/storage/BonnieH/selection_project/helper_functions/ABC_functions.py", line 122, in GetABCList
    abc_file = open(abcFile, 'r')
FileNotFoundError: [Errno 2] No such file or directory: '/gymreklab-tscc/bonnieh/abc/results/euro_p1/3_17.txt'
3.31user 0.17system 0:03.52elapsed 98%CPU (0avgtext+0avgdata 76940maxresident)k
9160inputs+16outputs (0major+42851minor)pagefaults 0swaps
21.82user 0.39system 0:23.85elapsed 93%CPU (0avgtext+0avgdata 81828maxresident)k
7712inputs+104outputs (0major+142422minor)pagefaults 0swaps
21.65user 0.23system 0:24.18elapsed 90%CPU (0avgtext+0avgdata 81892maxresident)k
0inputs+96outputs (0major+82796minor)pagefaults 0swaps
21.59user 0.27system 0:21.98elapsed 99%CPU (0avgtext+0avgdata 81800maxresident)k
0inputs+96outputs (0major+96110minor)pagefaults 0swaps
Traceback (most recent call last):
  File "/storage/BonnieH/selection_project/per_locus/ABC_script.py", line 169, in <module>
    main()
  File "/storage/BonnieH/selection_project/per_locus/ABC_script.py", line 76, in main
    obs_het, obs_common, obs_bins = GetSummStats(freq_string, num_bins)
  File "/storage/BonnieH/selection_project/helper_functions/ABC_functions.py", line 31, in GetSummStats
    obs_bins = GetBins(allele_freqs, num_bins)
  File "/storage/BonnieH/selection_project/helper_functions/ABC_functions.py", line 21, in GetBins
    bins[bins_index] = allele_freqs[i]
IndexError: list index out of range
4.38user 0.16system 0:04.95elapsed 91%CPU (0avgtext+0avgdata 78456maxresident)k
0inputs+16outputs (0major+60154minor)pagefaults 0swaps
Traceback (most recent call last):
  File "/storage/BonnieH/selection_project/per_locus/ABC_script.py", line 169, in <module>
    main()
  File "/storage/BonnieH/selection_project/per_locus/ABC_script.py", line 76, in main
    obs_het, obs_common, obs_bins = GetSummStats(freq_string, num_bins)
  File "/storage/BonnieH/selection_project/helper_functions/ABC_functions.py", line 31, in GetSummStats
    obs_bins = GetBins(allele_freqs, num_bins)
  File "/storage/BonnieH/selection_project/helper_functions/ABC_functions.py", line 21, in GetBins
    bins[bins_index] = allele_freqs[i]
IndexError: list index out of range
4.41user 0.16system 0:05.67elapsed 80%CPU (0avgtext+0avgdata 78300maxresident)k
12448inputs+16outputs (0major+60266minor)pagefaults 0swaps
